  남진우조 최종프로젝트.cpp
C:\Users\915\Desktop\남진우조 최종프로젝트\남진우조 최종프로젝트\남진우조 최종프로젝트.cpp(93,18): warning C4305: '초기화 중': 'double'에서 'GLfloat'(으)로 잘립니다.
C:\Users\915\Desktop\남진우조 최종프로젝트\남진우조 최종프로젝트\남진우조 최종프로젝트.cpp(93,29): warning C4305: '초기화 중': 'double'에서 'GLfloat'(으)로 잘립니다.
C:\Users\915\Desktop\남진우조 최종프로젝트\남진우조 최종프로젝트\남진우조 최종프로젝트.cpp(93,40): warning C4305: '초기화 중': 'double'에서 'GLfloat'(으)로 잘립니다.
C:\Users\915\Desktop\남진우조 최종프로젝트\남진우조 최종프로젝트\남진우조 최종프로젝트.cpp(94,23): warning C4305: '초기화 중': 'double'에서 'GLfloat'(으)로 잘립니다.
C:\Users\915\Desktop\남진우조 최종프로젝트\남진우조 최종프로젝트\남진우조 최종프로젝트.cpp(99,48): warning C4305: '초기화 중': 'double'에서 'const GLfloat'(으)로 잘립니다.
C:\Users\915\Desktop\남진우조 최종프로젝트\남진우조 최종프로젝트\남진우조 최종프로젝트.cpp(109,24): warning C4305: '=': 'double'에서 'GLfloat'(으)로 잘립니다.
C:\Users\915\Desktop\남진우조 최종프로젝트\남진우조 최종프로젝트\남진우조 최종프로젝트.cpp(111,40): warning C4305: '=': 'double'에서 'GLfloat'(으)로 잘립니다.
C:\Users\915\Desktop\남진우조 최종프로젝트\남진우조 최종프로젝트\남진우조 최종프로젝트.cpp(113,18): warning C4305: '=': 'double'에서 'GLfloat'(으)로 잘립니다.
C:\Users\915\Desktop\남진우조 최종프로젝트\남진우조 최종프로젝트\남진우조 최종프로젝트.cpp(114,18): warning C4305: '=': 'double'에서 'GLfloat'(으)로 잘립니다.
C:\Users\915\Desktop\남진우조 최종프로젝트\남진우조 최종프로젝트\남진우조 최종프로젝트.cpp(115,18): warning C4305: '=': 'double'에서 'GLfloat'(으)로 잘립니다.
C:\Users\915\Desktop\남진우조 최종프로젝트\남진우조 최종프로젝트\남진우조 최종프로젝트.cpp(127,25): warning C4244: '인수': 'int'에서 'GLfloat'(으)로 변환하면서 데이터가 손실될 수 있습니다.
C:\Users\915\Desktop\남진우조 최종프로젝트\남진우조 최종프로젝트\남진우조 최종프로젝트.cpp(133,32): warning C4305: '인수': 'double'에서 'GLfloat'(으)로 잘립니다.
C:\Users\915\Desktop\남진우조 최종프로젝트\남진우조 최종프로젝트\남진우조 최종프로젝트.cpp(135,32): warning C4305: '인수': 'double'에서 'GLfloat'(으)로 잘립니다.
C:\Users\915\Desktop\남진우조 최종프로젝트\남진우조 최종프로젝트\남진우조 최종프로젝트.cpp(142,25): warning C4244: '인수': 'int'에서 'GLfloat'(으)로 변환하면서 데이터가 손실될 수 있습니다.
C:\Users\915\Desktop\남진우조 최종프로젝트\남진우조 최종프로젝트\남진우조 최종프로젝트.cpp(148,32): warning C4305: '인수': 'double'에서 'GLfloat'(으)로 잘립니다.
C:\Users\915\Desktop\남진우조 최종프로젝트\남진우조 최종프로젝트\남진우조 최종프로젝트.cpp(150,32): warning C4305: '인수': 'double'에서 'GLfloat'(으)로 잘립니다.
C:\Users\915\Desktop\남진우조 최종프로젝트\남진우조 최종프로젝트\남진우조 최종프로젝트.cpp(152,27): warning C4305: '인수': 'double'에서 'GLfloat'(으)로 잘립니다.
C:\Users\915\Desktop\남진우조 최종프로젝트\남진우조 최종프로젝트\남진우조 최종프로젝트.cpp(164,31): warning C4305: '인수': 'double'에서 'GLfloat'(으)로 잘립니다.
C:\Users\915\Desktop\남진우조 최종프로젝트\남진우조 최종프로젝트\남진우조 최종프로젝트.cpp(184,28): warning C4305: '인수': 'double'에서 'GLfloat'(으)로 잘립니다.
C:\Users\915\Desktop\남진우조 최종프로젝트\남진우조 최종프로젝트\남진우조 최종프로젝트.cpp(185,30): warning C4305: '인수': 'double'에서 'GLfloat'(으)로 잘립니다.
C:\Users\915\Desktop\남진우조 최종프로젝트\남진우조 최종프로젝트\남진우조 최종프로젝트.cpp(189,28): warning C4305: '인수': 'double'에서 'GLfloat'(으)로 잘립니다.
C:\Users\915\Desktop\남진우조 최종프로젝트\남진우조 최종프로젝트\남진우조 최종프로젝트.cpp(195,28): warning C4305: '인수': 'double'에서 'GLfloat'(으)로 잘립니다.
C:\Users\915\Desktop\남진우조 최종프로젝트\남진우조 최종프로젝트\남진우조 최종프로젝트.cpp(213,28): warning C4305: '인수': 'double'에서 'GLfloat'(으)로 잘립니다.
C:\Users\915\Desktop\남진우조 최종프로젝트\남진우조 최종프로젝트\남진우조 최종프로젝트.cpp(214,27): warning C4305: '인수': 'double'에서 'GLfloat'(으)로 잘립니다.
C:\Users\915\Desktop\남진우조 최종프로젝트\남진우조 최종프로젝트\남진우조 최종프로젝트.cpp(227,28): warning C4305: '인수': 'double'에서 'GLfloat'(으)로 잘립니다.
C:\Users\915\Desktop\남진우조 최종프로젝트\남진우조 최종프로젝트\남진우조 최종프로젝트.cpp(228,32): warning C4305: '인수': 'double'에서 'GLfloat'(으)로 잘립니다.
C:\Users\915\Desktop\남진우조 최종프로젝트\남진우조 최종프로젝트\남진우조 최종프로젝트.cpp(231,28): warning C4305: '인수': 'double'에서 'GLfloat'(으)로 잘립니다.
C:\Users\915\Desktop\남진우조 최종프로젝트\남진우조 최종프로젝트\남진우조 최종프로젝트.cpp(241,29): warning C4305: '인수': 'double'에서 'GLfloat'(으)로 잘립니다.
C:\Users\915\Desktop\남진우조 최종프로젝트\남진우조 최종프로젝트\남진우조 최종프로젝트.cpp(278,15): warning C4244: '인수': 'int'에서 'GLfloat'(으)로 변환하면서 데이터가 손실될 수 있습니다.
C:\Users\915\Desktop\남진우조 최종프로젝트\남진우조 최종프로젝트\남진우조 최종프로젝트.cpp(289,15): warning C4244: '인수': 'int'에서 'GLfloat'(으)로 변환하면서 데이터가 손실될 수 있습니다.
C:\Users\915\Desktop\남진우조 최종프로젝트\남진우조 최종프로젝트\남진우조 최종프로젝트.cpp(355,52): warning C4805: '==': 연산에 'int' 형식과 'bool' 형식을 함께 사용하는 것은 안전하지 않습니다.
C:\Users\915\Desktop\남진우조 최종프로젝트\남진우조 최종프로젝트\남진우조 최종프로젝트.cpp(358,52): warning C4805: '==': 연산에 'int' 형식과 'bool' 형식을 함께 사용하는 것은 안전하지 않습니다.
C:\Users\915\Desktop\남진우조 최종프로젝트\남진우조 최종프로젝트\남진우조 최종프로젝트.cpp(361,52): warning C4805: '==': 연산에 'int' 형식과 'bool' 형식을 함께 사용하는 것은 안전하지 않습니다.
C:\Users\915\Desktop\남진우조 최종프로젝트\남진우조 최종프로젝트\남진우조 최종프로젝트.cpp(364,58): warning C4805: '==': 연산에 'int' 형식과 'bool' 형식을 함께 사용하는 것은 안전하지 않습니다.
C:\Users\915\Desktop\남진우조 최종프로젝트\남진우조 최종프로젝트\남진우조 최종프로젝트.cpp(366,84): warning C4805: '==': 연산에 'int' 형식과 'bool' 형식을 함께 사용하는 것은 안전하지 않습니다.
C:\Users\915\Desktop\남진우조 최종프로젝트\남진우조 최종프로젝트\남진우조 최종프로젝트.cpp(463,60): warning C4805: '==': 연산에 'int' 형식과 'bool' 형식을 함께 사용하는 것은 안전하지 않습니다.
C:\Users\915\Desktop\남진우조 최종프로젝트\남진우조 최종프로젝트\남진우조 최종프로젝트.cpp(475,48): warning C4805: '==': 연산에 'int' 형식과 'bool' 형식을 함께 사용하는 것은 안전하지 않습니다.
C:\Users\915\Desktop\남진우조 최종프로젝트\남진우조 최종프로젝트\남진우조 최종프로젝트.cpp(608,28): warning C4305: '인수': 'double'에서 'GLfloat'(으)로 잘립니다.
C:\Users\915\Desktop\남진우조 최종프로젝트\남진우조 최종프로젝트\남진우조 최종프로젝트.cpp(625,28): warning C4305: '인수': 'double'에서 'GLfloat'(으)로 잘립니다.
C:\Users\915\Desktop\남진우조 최종프로젝트\남진우조 최종프로젝트\남진우조 최종프로젝트.cpp(642,28): warning C4305: '인수': 'double'에서 'GLfloat'(으)로 잘립니다.
C:\Users\915\Desktop\남진우조 최종프로젝트\남진우조 최종프로젝트\남진우조 최종프로젝트.cpp(709,40): warning C4305: '인수': 'double'에서 'GLfloat'(으)로 잘립니다.
C:\Users\915\Desktop\남진우조 최종프로젝트\남진우조 최종프로젝트\남진우조 최종프로젝트.cpp(711,46): warning C4244: '인수': 'double'에서 'GLfloat'(으)로 변환하면서 데이터가 손실될 수 있습니다.
C:\Users\915\Desktop\남진우조 최종프로젝트\남진우조 최종프로젝트\남진우조 최종프로젝트.cpp(711,32): warning C4244: '인수': 'double'에서 'GLfloat'(으)로 변환하면서 데이터가 손실될 수 있습니다.
C:\Users\915\Desktop\남진우조 최종프로젝트\남진우조 최종프로젝트\남진우조 최종프로젝트.cpp(712,46): warning C4244: '인수': 'double'에서 'GLfloat'(으)로 변환하면서 데이터가 손실될 수 있습니다.
C:\Users\915\Desktop\남진우조 최종프로젝트\남진우조 최종프로젝트\남진우조 최종프로젝트.cpp(712,32): warning C4244: '인수': 'double'에서 'GLfloat'(으)로 변환하면서 데이터가 손실될 수 있습니다.
C:\Users\915\Desktop\남진우조 최종프로젝트\남진우조 최종프로젝트\남진우조 최종프로젝트.cpp(718,47): warning C4244: '인수': 'double'에서 'GLfloat'(으)로 변환하면서 데이터가 손실될 수 있습니다.
C:\Users\915\Desktop\남진우조 최종프로젝트\남진우조 최종프로젝트\남진우조 최종프로젝트.cpp(718,33): warning C4244: '인수': 'double'에서 'GLfloat'(으)로 변환하면서 데이터가 손실될 수 있습니다.
C:\Users\915\Desktop\남진우조 최종프로젝트\남진우조 최종프로젝트\남진우조 최종프로젝트.cpp(719,47): warning C4244: '인수': 'double'에서 'GLfloat'(으)로 변환하면서 데이터가 손실될 수 있습니다.
C:\Users\915\Desktop\남진우조 최종프로젝트\남진우조 최종프로젝트\남진우조 최종프로젝트.cpp(719,33): warning C4244: '인수': 'double'에서 'GLfloat'(으)로 변환하면서 데이터가 손실될 수 있습니다.
C:\Users\915\Desktop\남진우조 최종프로젝트\남진우조 최종프로젝트\남진우조 최종프로젝트.cpp(720,47): warning C4244: '인수': 'double'에서 'GLfloat'(으)로 변환하면서 데이터가 손실될 수 있습니다.
C:\Users\915\Desktop\남진우조 최종프로젝트\남진우조 최종프로젝트\남진우조 최종프로젝트.cpp(720,33): warning C4244: '인수': 'double'에서 'GLfloat'(으)로 변환하면서 데이터가 손실될 수 있습니다.
C:\Users\915\Desktop\남진우조 최종프로젝트\남진우조 최종프로젝트\남진우조 최종프로젝트.cpp(721,47): warning C4244: '인수': 'double'에서 'GLfloat'(으)로 변환하면서 데이터가 손실될 수 있습니다.
C:\Users\915\Desktop\남진우조 최종프로젝트\남진우조 최종프로젝트\남진우조 최종프로젝트.cpp(721,33): warning C4244: '인수': 'double'에서 'GLfloat'(으)로 변환하면서 데이터가 손실될 수 있습니다.
C:\Users\915\Desktop\남진우조 최종프로젝트\남진우조 최종프로젝트\남진우조 최종프로젝트.cpp(725,40): warning C4305: '인수': 'double'에서 'GLfloat'(으)로 잘립니다.
C:\Users\915\Desktop\남진우조 최종프로젝트\남진우조 최종프로젝트\남진우조 최종프로젝트.cpp(727,47): warning C4244: '인수': 'double'에서 'GLfloat'(으)로 변환하면서 데이터가 손실될 수 있습니다.
C:\Users\915\Desktop\남진우조 최종프로젝트\남진우조 최종프로젝트\남진우조 최종프로젝트.cpp(727,33): warning C4244: '인수': 'double'에서 'GLfloat'(으)로 변환하면서 데이터가 손실될 수 있습니다.
C:\Users\915\Desktop\남진우조 최종프로젝트\남진우조 최종프로젝트\남진우조 최종프로젝트.cpp(728,47): warning C4244: '인수': 'double'에서 'GLfloat'(으)로 변환하면서 데이터가 손실될 수 있습니다.
C:\Users\915\Desktop\남진우조 최종프로젝트\남진우조 최종프로젝트\남진우조 최종프로젝트.cpp(728,33): warning C4244: '인수': 'double'에서 'GLfloat'(으)로 변환하면서 데이터가 손실될 수 있습니다.
C:\Users\915\Desktop\남진우조 최종프로젝트\남진우조 최종프로젝트\남진우조 최종프로젝트.cpp(729,47): warning C4244: '인수': 'double'에서 'GLfloat'(으)로 변환하면서 데이터가 손실될 수 있습니다.
C:\Users\915\Desktop\남진우조 최종프로젝트\남진우조 최종프로젝트\남진우조 최종프로젝트.cpp(729,33): warning C4244: '인수': 'double'에서 'GLfloat'(으)로 변환하면서 데이터가 손실될 수 있습니다.
C:\Users\915\Desktop\남진우조 최종프로젝트\남진우조 최종프로젝트\남진우조 최종프로젝트.cpp(730,47): warning C4244: '인수': 'double'에서 'GLfloat'(으)로 변환하면서 데이터가 손실될 수 있습니다.
C:\Users\915\Desktop\남진우조 최종프로젝트\남진우조 최종프로젝트\남진우조 최종프로젝트.cpp(730,33): warning C4244: '인수': 'double'에서 'GLfloat'(으)로 변환하면서 데이터가 손실될 수 있습니다.
C:\Users\915\Desktop\남진우조 최종프로젝트\남진우조 최종프로젝트\남진우조 최종프로젝트.cpp(734,40): warning C4305: '인수': 'double'에서 'GLfloat'(으)로 잘립니다.
C:\Users\915\Desktop\남진우조 최종프로젝트\남진우조 최종프로젝트\남진우조 최종프로젝트.cpp(736,47): warning C4244: '인수': 'double'에서 'GLfloat'(으)로 변환하면서 데이터가 손실될 수 있습니다.
C:\Users\915\Desktop\남진우조 최종프로젝트\남진우조 최종프로젝트\남진우조 최종프로젝트.cpp(736,33): warning C4244: '인수': 'double'에서 'GLfloat'(으)로 변환하면서 데이터가 손실될 수 있습니다.
C:\Users\915\Desktop\남진우조 최종프로젝트\남진우조 최종프로젝트\남진우조 최종프로젝트.cpp(737,47): warning C4244: '인수': 'double'에서 'GLfloat'(으)로 변환하면서 데이터가 손실될 수 있습니다.
C:\Users\915\Desktop\남진우조 최종프로젝트\남진우조 최종프로젝트\남진우조 최종프로젝트.cpp(737,33): warning C4244: '인수': 'double'에서 'GLfloat'(으)로 변환하면서 데이터가 손실될 수 있습니다.
C:\Users\915\Desktop\남진우조 최종프로젝트\남진우조 최종프로젝트\남진우조 최종프로젝트.cpp(738,47): warning C4244: '인수': 'double'에서 'GLfloat'(으)로 변환하면서 데이터가 손실될 수 있습니다.
C:\Users\915\Desktop\남진우조 최종프로젝트\남진우조 최종프로젝트\남진우조 최종프로젝트.cpp(738,33): warning C4244: '인수': 'double'에서 'GLfloat'(으)로 변환하면서 데이터가 손실될 수 있습니다.
C:\Users\915\Desktop\남진우조 최종프로젝트\남진우조 최종프로젝트\남진우조 최종프로젝트.cpp(739,47): warning C4244: '인수': 'double'에서 'GLfloat'(으)로 변환하면서 데이터가 손실될 수 있습니다.
C:\Users\915\Desktop\남진우조 최종프로젝트\남진우조 최종프로젝트\남진우조 최종프로젝트.cpp(739,33): warning C4244: '인수': 'double'에서 'GLfloat'(으)로 변환하면서 데이터가 손실될 수 있습니다.
  남진우조 최종프로젝트.vcxproj -> C:\Users\915\Desktop\남진우조 최종프로젝트\x64\Debug\남진우조 최종프로젝트.exe
